5972 [qtp281957868-14] INFO  c.h.web.controller.IndexController - index|begin
14331 [qtp374138060-16] INFO  c.h.web.controller.IndexController - index|begin
8302 [qtp762473733-17] INFO  c.h.web.controller.IndexController - index|begin
5601 [qtp1873841016-16] INFO  c.h.web.controller.IndexController - index|begin
41050 [qtp1969174321-19] INFO  c.h.web.controller.IndexController - index|begin
19801 [qtp1681904458-15] INFO  c.h.web.controller.IndexController - index|begin
20049 [qtp1681904458-15] INFO  c.h.web.controller.IndexController - com.huixw.web.entity.User@bfb6a22
6565 [qtp409882274-16] INFO  c.h.web.controller.IndexController - index|begin
6811 [qtp409882274-16] INFO  c.h.web.controller.IndexController - lisi
6811 [qtp409882274-16] INFO  c.h.web.controller.IndexController - 2
48350 [qtp409882274-20] INFO  c.h.web.controller.IndexController - index|begin
48361 [qtp409882274-20] INFO  c.h.web.controller.IndexController - 111
48364 [qtp409882274-20] INFO  c.h.web.controller.IndexController - 3
5072 [qtp1907722961-20] INFO  c.h.web.controller.IndexController - index|begin
5322 [qtp1907722961-20] INFO  c.h.web.controller.IndexController - 111
5323 [qtp1907722961-20] INFO  c.h.web.controller.IndexController - 3
14414 [qtp1907722961-20] INFO  c.h.web.controller.IndexController - index|begin
14424 [qtp1907722961-20] INFO  c.h.web.controller.IndexController - 111
14424 [qtp1907722961-20] INFO  c.h.web.controller.IndexController - 3
21054 [qtp601242243-17] INFO  c.h.web.controller.IndexController - index|begin
4373 [qtp583318396-19] INFO  c.h.web.controller.IndexController - index|begin
4650 [qtp583318396-19] DEBUG c.h.w.m.U.selectByExample_COUNT - ==>  Preparing: SELECT count(*) FROM user WHERE (age > ?) 
4672 [qtp583318396-19] DEBUG c.h.w.m.U.selectByExample_COUNT - ==> Parameters: 0(Integer)
4695 [qtp583318396-19] DEBUG c.h.w.m.U.selectByExample_COUNT - <==      Total: 1
4700 [qtp583318396-19] DEBUG c.h.w.m.UserMapper.selectByExample - ==>  Preparing: select id, name, age, remark from user WHERE ( age > ? ) limit ?,? 
4701 [qtp583318396-19] DEBUG c.h.w.m.UserMapper.selectByExample - ==> Parameters: 0(Integer), 1(Integer), 1(Integer)
4703 [qtp583318396-19] DEBUG c.h.w.m.UserMapper.selectByExample - <==      Total: 1
4704 [qtp583318396-19] INFO  c.h.web.controller.IndexController - 111
4704 [qtp583318396-19] INFO  c.h.web.controller.IndexController - 4
6033 [qtp1680311629-15] INFO  c.h.web.controller.IndexController - index|begin
6284 [qtp1680311629-15] DEBUG c.h.w.m.U.selectByExample_COUNT - ==>  Preparing: SELECT count(*) FROM user WHERE (age > ?) 
6306 [qtp1680311629-15] DEBUG c.h.w.m.U.selectByExample_COUNT - ==> Parameters: 0(Integer)
6322 [qtp1680311629-15] DEBUG c.h.w.m.U.selectByExample_COUNT - <==      Total: 1
6327 [qtp1680311629-15] DEBUG c.h.w.m.UserMapper.selectByExample - ==>  Preparing: select id, name, age, remark from user WHERE ( age > ? ) limit ?,? 
6327 [qtp1680311629-15] DEBUG c.h.w.m.UserMapper.selectByExample - ==> Parameters: 0(Integer), 1(Integer), 1(Integer)
6329 [qtp1680311629-15] DEBUG c.h.w.m.UserMapper.selectByExample - <==      Total: 1
6330 [qtp1680311629-15] INFO  c.h.web.controller.IndexController - 111
6331 [qtp1680311629-15] INFO  c.h.web.controller.IndexController - 4
6333 [qtp1680311629-15] DEBUG c.h.web.mapper.UserMapper.insert - ==>  Preparing: insert into user (id, name, age, remark) values (?, ?, ?, ?) 
6334 [qtp1680311629-15] DEBUG c.h.web.mapper.UserMapper.insert - ==> Parameters: 0(Long), ÀîËÄ(String), 22(Integer), aaa(String)
10347 [qtp1167818966-15] INFO  c.h.web.controller.IndexController - index|begin
10581 [qtp1167818966-15] DEBUG c.h.w.m.U.selectByExample_COUNT - ==>  Preparing: SELECT count(*) FROM user WHERE (age > ?) 
10604 [qtp1167818966-15] DEBUG c.h.w.m.U.selectByExample_COUNT - ==> Parameters: 0(Integer)
10616 [qtp1167818966-15] DEBUG c.h.w.m.U.selectByExample_COUNT - <==      Total: 1
10622 [qtp1167818966-15] DEBUG c.h.w.m.UserMapper.selectByExample - ==>  Preparing: select id, name, age, remark from user WHERE ( age > ? ) limit ?,? 
10622 [qtp1167818966-15] DEBUG c.h.w.m.UserMapper.selectByExample - ==> Parameters: 0(Integer), 1(Integer), 1(Integer)
10623 [qtp1167818966-15] DEBUG c.h.w.m.UserMapper.selectByExample - <==      Total: 1
10625 [qtp1167818966-15] INFO  c.h.web.controller.IndexController - 111
10625 [qtp1167818966-15] INFO  c.h.web.controller.IndexController - 4
10627 [qtp1167818966-15] DEBUG c.h.web.mapper.UserMapper.insert - ==>  Preparing: insert into user (id, name, age, remark) values (?, ?, ?, ?) 
10628 [qtp1167818966-15] DEBUG c.h.web.mapper.UserMapper.insert - ==> Parameters: 0(Long), aaaabbccc(String), 22(Integer), aaa(String)
10633 [qtp1167818966-15] DEBUG c.h.web.mapper.UserMapper.insert - <==    Updates: 1
10634 [qtp1167818966-15] DEBUG c.h.web.mapper.UserMapper.insert - ==>  Preparing: insert into user (id, name, age, remark) values (?, ?, ?, ?) 
10634 [qtp1167818966-15] DEBUG c.h.web.mapper.UserMapper.insert - ==> Parameters: 0(Long), aaaabbccc(String), 22(Integer), aaa(String)
10636 [qtp1167818966-15] DEBUG c.h.web.mapper.UserMapper.insert - <==    Updates: 1
6564 [qtp1587590553-16] INFO  c.h.web.controller.IndexController - index|begin
6802 [qtp1587590553-16] DEBUG c.h.w.m.U.selectByExample_COUNT - ==>  Preparing: SELECT count(*) FROM user WHERE (age > ?) 
6824 [qtp1587590553-16] DEBUG c.h.w.m.U.selectByExample_COUNT - ==> Parameters: 0(Integer)
6840 [qtp1587590553-16] DEBUG c.h.w.m.U.selectByExample_COUNT - <==      Total: 1
6844 [qtp1587590553-16] DEBUG c.h.w.m.UserMapper.selectByExample - ==>  Preparing: select id, name, age, remark from user WHERE ( age > ? ) limit ?,? 
6844 [qtp1587590553-16] DEBUG c.h.w.m.UserMapper.selectByExample - ==> Parameters: 0(Integer), 1(Integer), 1(Integer)
6847 [qtp1587590553-16] DEBUG c.h.w.m.UserMapper.selectByExample - <==      Total: 1
6848 [qtp1587590553-16] INFO  c.h.web.controller.IndexController - 111
6849 [qtp1587590553-16] INFO  c.h.web.controller.IndexController - 6
6851 [qtp1587590553-16] DEBUG c.h.web.mapper.UserMapper.insert - ==>  Preparing: insert into user (id, name, age, remark) values (?, ?, ?, ?) 
6852 [qtp1587590553-16] DEBUG c.h.web.mapper.UserMapper.insert - ==> Parameters: 0(Long), aaaabbccc(String), 22(Integer), aaa(String)
6856 [qtp1587590553-16] DEBUG c.h.web.mapper.UserMapper.insert - <==    Updates: 1
6856 [qtp1587590553-16] DEBUG c.h.web.mapper.UserMapper.insert - ==>  Preparing: insert into user (id, name, age, remark) values (?, ?, ?, ?) 
6857 [qtp1587590553-16] DEBUG c.h.web.mapper.UserMapper.insert - ==> Parameters: 0(Long), aaaabbccc(String), 22(Integer), aaa(String)
6859 [qtp1587590553-16] DEBUG c.h.web.mapper.UserMapper.insert - <==    Updates: 1
4261 [qtp672926832-19] INFO  c.h.web.controller.IndexController - index|begin
4495 [qtp672926832-19] DEBUG c.h.w.m.U.selectByExample_COUNT - ==>  Preparing: SELECT count(*) FROM user WHERE (age > ?) 
4517 [qtp672926832-19] DEBUG c.h.w.m.U.selectByExample_COUNT - ==> Parameters: 0(Integer)
4531 [qtp672926832-19] DEBUG c.h.w.m.U.selectByExample_COUNT - <==      Total: 1
4535 [qtp672926832-19] DEBUG c.h.w.m.UserMapper.selectByExample - ==>  Preparing: select id, name, age, remark from user WHERE ( age > ? ) limit ?,? 
4536 [qtp672926832-19] DEBUG c.h.w.m.UserMapper.selectByExample - ==> Parameters: 0(Integer), 1(Integer), 1(Integer)
4537 [qtp672926832-19] DEBUG c.h.w.m.UserMapper.selectByExample - <==      Total: 1
4538 [qtp672926832-19] INFO  c.h.web.controller.IndexController - 111
4538 [qtp672926832-19] INFO  c.h.web.controller.IndexController - 8
4541 [qtp672926832-19] DEBUG c.h.web.mapper.UserMapper.insert - ==>  Preparing: insert into user (id, name, age, remark) values (?, ?, ?, ?) 
4542 [qtp672926832-19] DEBUG c.h.web.mapper.UserMapper.insert - ==> Parameters: 0(Long), aaaabbccc(String), 22(Integer), aaa(String)
4549 [qtp672926832-19] DEBUG c.h.web.mapper.UserMapper.insert - <==    Updates: 1
4550 [qtp672926832-19] DEBUG c.h.web.mapper.UserMapper.insert - ==>  Preparing: insert into user (id, name, age, remark) values (?, ?, ?, ?) 
4550 [qtp672926832-19] DEBUG c.h.web.mapper.UserMapper.insert - ==> Parameters: 0(Long), aaaabbc11aaaaaaaaaaaaaaaaaaaaaaaaaaaaaaaaaaaaaaaaaaaaaaaaaaaaaaaaaaaaaaaaaaaa(String), 22(Integer), aaa(String)
17543 [qtp672926832-19] INFO  c.h.web.controller.IndexController - index|begin
17545 [qtp672926832-19] DEBUG c.h.w.m.U.selectByExample_COUNT - ==>  Preparing: SELECT count(*) FROM user WHERE (age > ?) 
17546 [qtp672926832-19] DEBUG c.h.w.m.U.selectByExample_COUNT - ==> Parameters: 0(Integer)
17547 [qtp672926832-19] DEBUG c.h.w.m.U.selectByExample_COUNT - <==      Total: 1
17551 [qtp672926832-19] DEBUG c.h.w.m.UserMapper.selectByExample - ==>  Preparing: select id, name, age, remark from user WHERE ( age > ? ) limit ?,? 
17551 [qtp672926832-19] DEBUG c.h.w.m.UserMapper.selectByExample - ==> Parameters: 0(Integer), 1(Integer), 1(Integer)
17553 [qtp672926832-19] DEBUG c.h.w.m.UserMapper.selectByExample - <==      Total: 1
17554 [qtp672926832-19] INFO  c.h.web.controller.IndexController - 111
17554 [qtp672926832-19] INFO  c.h.web.controller.IndexController - 9
17554 [qtp672926832-19] DEBUG c.h.web.mapper.UserMapper.insert - ==>  Preparing: insert into user (id, name, age, remark) values (?, ?, ?, ?) 
17555 [qtp672926832-19] DEBUG c.h.web.mapper.UserMapper.insert - ==> Parameters: 0(Long), aaaabbccc(String), 22(Integer), aaa(String)
17557 [qtp672926832-19] DEBUG c.h.web.mapper.UserMapper.insert - <==    Updates: 1
17557 [qtp672926832-19] DEBUG c.h.web.mapper.UserMapper.insert - ==>  Preparing: insert into user (id, name, age, remark) values (?, ?, ?, ?) 
17558 [qtp672926832-19] DEBUG c.h.web.mapper.UserMapper.insert - ==> Parameters: 0(Long), aaaabbc11aaaaaaaaaaaaaaaaaaaaaaaaaaaaaaaaaaaaaaaaaaaaaaaaaaaaaaaaaaaaaaaaaaaa(String), 22(Integer), aaa(String)
89187 [qtp652691974-17] INFO  c.h.web.controller.IndexController - index|begin
89477 [qtp652691974-17] DEBUG c.h.w.m.U.selectByExample_COUNT - ==>  Preparing: SELECT count(*) FROM user WHERE (age > ?) 
89503 [qtp652691974-17] DEBUG c.h.w.m.U.selectByExample_COUNT - ==> Parameters: 0(Integer)
89518 [qtp652691974-17] DEBUG c.h.w.m.U.selectByExample_COUNT - <==      Total: 1
89524 [qtp652691974-17] DEBUG c.h.w.m.UserMapper.selectByExample - ==>  Preparing: select id, name, age, remark from user WHERE ( age > ? ) limit ?,? 
89524 [qtp652691974-17] DEBUG c.h.w.m.UserMapper.selectByExample - ==> Parameters: 0(Integer), 1(Integer), 1(Integer)
89526 [qtp652691974-17] DEBUG c.h.w.m.UserMapper.selectByExample - <==      Total: 1
89527 [qtp652691974-17] INFO  c.h.web.controller.IndexController - 111
89527 [qtp652691974-17] INFO  c.h.web.controller.IndexController - 10
89529 [qtp652691974-17] DEBUG c.h.web.mapper.UserMapper.insert - ==>  Preparing: insert into user (id, name, age, remark) values (?, ?, ?, ?) 
89530 [qtp652691974-17] DEBUG c.h.web.mapper.UserMapper.insert - ==> Parameters: 0(Long), aaaabbccc(String), 22(Integer), aaa(String)
89532 [qtp652691974-17] DEBUG c.h.web.mapper.UserMapper.insert - <==    Updates: 1
89532 [qtp652691974-17] DEBUG c.h.web.mapper.UserMapper.insert - ==>  Preparing: insert into user (id, name, age, remark) values (?, ?, ?, ?) 
89533 [qtp652691974-17] DEBUG c.h.web.mapper.UserMapper.insert - ==> Parameters: 0(Long), aaaabbc11aaaaaaaaaaaaaaaaaaaaaaaaaaaaaaaaaaaaaaaaaaaaaaaaaaaaaaaaaaaaaaaaaaaa(String), 22(Integer), aaa(String)
99744 [qtp652691974-20] INFO  c.h.web.controller.IndexController - index|begin
99746 [qtp652691974-20] DEBUG c.h.w.m.U.selectByExample_COUNT - ==>  Preparing: SELECT count(*) FROM user WHERE (age > ?) 
99747 [qtp652691974-20] DEBUG c.h.w.m.U.selectByExample_COUNT - ==> Parameters: 0(Integer)
99749 [qtp652691974-20] DEBUG c.h.w.m.U.selectByExample_COUNT - <==      Total: 1
99751 [qtp652691974-20] DEBUG c.h.w.m.UserMapper.selectByExample - ==>  Preparing: select id, name, age, remark from user WHERE ( age > ? ) limit ?,? 
99751 [qtp652691974-20] DEBUG c.h.w.m.UserMapper.selectByExample - ==> Parameters: 0(Integer), 1(Integer), 1(Integer)
99752 [qtp652691974-20] DEBUG c.h.w.m.UserMapper.selectByExample - <==      Total: 1
99752 [qtp652691974-20] INFO  c.h.web.controller.IndexController - 111
99752 [qtp652691974-20] INFO  c.h.web.controller.IndexController - 11
99753 [qtp652691974-20] DEBUG c.h.web.mapper.UserMapper.insert - ==>  Preparing: insert into user (id, name, age, remark) values (?, ?, ?, ?) 
99753 [qtp652691974-20] DEBUG c.h.web.mapper.UserMapper.insert - ==> Parameters: 0(Long), aaaabbccc(String), 22(Integer), aaa(String)
99756 [qtp652691974-20] DEBUG c.h.web.mapper.UserMapper.insert - <==    Updates: 1
99756 [qtp652691974-20] DEBUG c.h.web.mapper.UserMapper.insert - ==>  Preparing: insert into user (id, name, age, remark) values (?, ?, ?, ?) 
99757 [qtp652691974-20] DEBUG c.h.web.mapper.UserMapper.insert - ==> Parameters: 0(Long), aaaabbc11aaaaaaaaaaaaaaaaaaaaaaaaaaaaaaaaaaaaaaaaaaaaaaaaaaaaaaaaaaaaaaaaaaaa(String), 22(Integer), aaa(String)
101065 [qtp652691974-19] INFO  c.h.web.controller.IndexController - index|begin
101067 [qtp652691974-19] DEBUG c.h.w.m.U.selectByExample_COUNT - ==>  Preparing: SELECT count(*) FROM user WHERE (age > ?) 
101068 [qtp652691974-19] DEBUG c.h.w.m.U.selectByExample_COUNT - ==> Parameters: 0(Integer)
101069 [qtp652691974-19] DEBUG c.h.w.m.U.selectByExample_COUNT - <==      Total: 1
101070 [qtp652691974-19] DEBUG c.h.w.m.UserMapper.selectByExample - ==>  Preparing: select id, name, age, remark from user WHERE ( age > ? ) limit ?,? 
101071 [qtp652691974-19] DEBUG c.h.w.m.UserMapper.selectByExample - ==> Parameters: 0(Integer), 1(Integer), 1(Integer)
101072 [qtp652691974-19] DEBUG c.h.w.m.UserMapper.selectByExample - <==      Total: 1
101072 [qtp652691974-19] INFO  c.h.web.controller.IndexController - 111
101072 [qtp652691974-19] INFO  c.h.web.controller.IndexController - 12
101073 [qtp652691974-19] DEBUG c.h.web.mapper.UserMapper.insert - ==>  Preparing: insert into user (id, name, age, remark) values (?, ?, ?, ?) 
101073 [qtp652691974-19] DEBUG c.h.web.mapper.UserMapper.insert - ==> Parameters: 0(Long), aaaabbccc(String), 22(Integer), aaa(String)
101078 [qtp652691974-19] DEBUG c.h.web.mapper.UserMapper.insert - <==    Updates: 1
101079 [qtp652691974-19] DEBUG c.h.web.mapper.UserMapper.insert - ==>  Preparing: insert into user (id, name, age, remark) values (?, ?, ?, ?) 
101079 [qtp652691974-19] DEBUG c.h.web.mapper.UserMapper.insert - ==> Parameters: 0(Long), aaaabbc11aaaaaaaaaaaaaaaaaaaaaaaaaaaaaaaaaaaaaaaaaaaaaaaaaaaaaaaaaaaaaaaaaaaa(String), 22(Integer), aaa(String)
101256 [qtp652691974-17] INFO  c.h.web.controller.IndexController - index|begin
101258 [qtp652691974-17] DEBUG c.h.w.m.U.selectByExample_COUNT - ==>  Preparing: SELECT count(*) FROM user WHERE (age > ?) 
101258 [qtp652691974-17] DEBUG c.h.w.m.U.selectByExample_COUNT - ==> Parameters: 0(Integer)
101259 [qtp652691974-17] DEBUG c.h.w.m.U.selectByExample_COUNT - <==      Total: 1
101262 [qtp652691974-17] DEBUG c.h.w.m.UserMapper.selectByExample - ==>  Preparing: select id, name, age, remark from user WHERE ( age > ? ) limit ?,? 
101263 [qtp652691974-17] DEBUG c.h.w.m.UserMapper.selectByExample - ==> Parameters: 0(Integer), 1(Integer), 1(Integer)
101265 [qtp652691974-17] DEBUG c.h.w.m.UserMapper.selectByExample - <==      Total: 1
101266 [qtp652691974-17] INFO  c.h.web.controller.IndexController - 111
101266 [qtp652691974-17] INFO  c.h.web.controller.IndexController - 13
101266 [qtp652691974-17] DEBUG c.h.web.mapper.UserMapper.insert - ==>  Preparing: insert into user (id, name, age, remark) values (?, ?, ?, ?) 
101267 [qtp652691974-17] DEBUG c.h.web.mapper.UserMapper.insert - ==> Parameters: 0(Long), aaaabbccc(String), 22(Integer), aaa(String)
101271 [qtp652691974-17] DEBUG c.h.web.mapper.UserMapper.insert - <==    Updates: 1
101272 [qtp652691974-17] DEBUG c.h.web.mapper.UserMapper.insert - ==>  Preparing: insert into user (id, name, age, remark) values (?, ?, ?, ?) 
101273 [qtp652691974-17] DEBUG c.h.web.mapper.UserMapper.insert - ==> Parameters: 0(Long), aaaabbc11aaaaaaaaaaaaaaaaaaaaaaaaaaaaaaaaaaaaaaaaaaaaaaaaaaaaaaaaaaaaaaaaaaaa(String), 22(Integer), aaa(String)
101466 [qtp652691974-16] INFO  c.h.web.controller.IndexController - index|begin
101467 [qtp652691974-16] DEBUG c.h.w.m.U.selectByExample_COUNT - ==>  Preparing: SELECT count(*) FROM user WHERE (age > ?) 
101467 [qtp652691974-16] DEBUG c.h.w.m.U.selectByExample_COUNT - ==> Parameters: 0(Integer)
101468 [qtp652691974-16] DEBUG c.h.w.m.U.selectByExample_COUNT - <==      Total: 1
101469 [qtp652691974-16] DEBUG c.h.w.m.UserMapper.selectByExample - ==>  Preparing: select id, name, age, remark from user WHERE ( age > ? ) limit ?,? 
101469 [qtp652691974-16] DEBUG c.h.w.m.UserMapper.selectByExample - ==> Parameters: 0(Integer), 1(Integer), 1(Integer)
101471 [qtp652691974-16] DEBUG c.h.w.m.UserMapper.selectByExample - <==      Total: 1
101471 [qtp652691974-16] INFO  c.h.web.controller.IndexController - 111
101471 [qtp652691974-16] INFO  c.h.web.controller.IndexController - 14
101471 [qtp652691974-16] DEBUG c.h.web.mapper.UserMapper.insert - ==>  Preparing: insert into user (id, name, age, remark) values (?, ?, ?, ?) 
101472 [qtp652691974-16] DEBUG c.h.web.mapper.UserMapper.insert - ==> Parameters: 0(Long), aaaabbccc(String), 22(Integer), aaa(String)
101476 [qtp652691974-16] DEBUG c.h.web.mapper.UserMapper.insert - <==    Updates: 1
101477 [qtp652691974-16] DEBUG c.h.web.mapper.UserMapper.insert - ==>  Preparing: insert into user (id, name, age, remark) values (?, ?, ?, ?) 
101478 [qtp652691974-16] DEBUG c.h.web.mapper.UserMapper.insert - ==> Parameters: 0(Long), aaaabbc11aaaaaaaaaaaaaaaaaaaaaaaaaaaaaaaaaaaaaaaaaaaaaaaaaaaaaaaaaaaaaaaaaaaa(String), 22(Integer), aaa(String)
101651 [qtp652691974-18] INFO  c.h.web.controller.IndexController - index|begin
101655 [qtp652691974-18] DEBUG c.h.w.m.U.selectByExample_COUNT - ==>  Preparing: SELECT count(*) FROM user WHERE (age > ?) 
101655 [qtp652691974-18] DEBUG c.h.w.m.U.selectByExample_COUNT - ==> Parameters: 0(Integer)
101656 [qtp652691974-18] DEBUG c.h.w.m.U.selectByExample_COUNT - <==      Total: 1
101658 [qtp652691974-18] DEBUG c.h.w.m.UserMapper.selectByExample - ==>  Preparing: select id, name, age, remark from user WHERE ( age > ? ) limit ?,? 
101658 [qtp652691974-18] DEBUG c.h.w.m.UserMapper.selectByExample - ==> Parameters: 0(Integer), 1(Integer), 1(Integer)
101661 [qtp652691974-18] DEBUG c.h.w.m.UserMapper.selectByExample - <==      Total: 1
101662 [qtp652691974-18] INFO  c.h.web.controller.IndexController - 111
101662 [qtp652691974-18] INFO  c.h.web.controller.IndexController - 15
101662 [qtp652691974-18] DEBUG c.h.web.mapper.UserMapper.insert - ==>  Preparing: insert into user (id, name, age, remark) values (?, ?, ?, ?) 
101663 [qtp652691974-18] DEBUG c.h.web.mapper.UserMapper.insert - ==> Parameters: 0(Long), aaaabbccc(String), 22(Integer), aaa(String)
101668 [qtp652691974-18] DEBUG c.h.web.mapper.UserMapper.insert - <==    Updates: 1
101669 [qtp652691974-18] DEBUG c.h.web.mapper.UserMapper.insert - ==>  Preparing: insert into user (id, name, age, remark) values (?, ?, ?, ?) 
101669 [qtp652691974-18] DEBUG c.h.web.mapper.UserMapper.insert - ==> Parameters: 0(Long), aaaabbc11aaaaaaaaaaaaaaaaaaaaaaaaaaaaaaaaaaaaaaaaaaaaaaaaaaaaaaaaaaaaaaaaaaaa(String), 22(Integer), aaa(String)
13913 [qtp971196189-18] INFO  c.h.web.controller.IndexController - index|begin
14164 [qtp971196189-18] DEBUG c.h.w.m.U.selectByExample_COUNT - ==>  Preparing: SELECT count(*) FROM user WHERE (age > ?) 
14223 [qtp971196189-18] DEBUG c.h.w.m.U.selectByExample_COUNT - ==> Parameters: 0(Integer)
14238 [qtp971196189-18] DEBUG c.h.w.m.U.selectByExample_COUNT - <==      Total: 1
14243 [qtp971196189-18] DEBUG c.h.w.m.UserMapper.selectByExample - ==>  Preparing: select id, name, age, remark from user WHERE ( age > ? ) limit ?,? 
14243 [qtp971196189-18] DEBUG c.h.w.m.UserMapper.selectByExample - ==> Parameters: 0(Integer), 1(Integer), 1(Integer)
14245 [qtp971196189-18] DEBUG c.h.w.m.UserMapper.selectByExample - <==      Total: 1
14247 [qtp971196189-18] INFO  c.h.web.controller.IndexController - 111
14247 [qtp971196189-18] INFO  c.h.web.controller.IndexController - 16
14250 [qtp971196189-18] DEBUG c.h.web.mapper.UserMapper.insert - ==>  Preparing: insert into user (id, name, age, remark) values (?, ?, ?, ?) 
14251 [qtp971196189-18] DEBUG c.h.web.mapper.UserMapper.insert - ==> Parameters: 0(Long), aaaabbccc(String), 22(Integer), aaa(String)
14254 [qtp971196189-18] DEBUG c.h.web.mapper.UserMapper.insert - <==    Updates: 1
14255 [qtp971196189-18] DEBUG c.h.web.mapper.UserMapper.insert - ==>  Preparing: insert into user (id, name, age, remark) values (?, ?, ?, ?) 
14256 [qtp971196189-18] DEBUG c.h.web.mapper.UserMapper.insert - ==> Parameters: 0(Long), aaaabbc11aaaaaaaaaaaaaaaaaaaaaaaaaaaaaaaaaaaaaaaaaaaaaaaaaaaaaaaaaaaaaaaaaaaa(String), 22(Integer), aaa(String)
21829 [qtp971196189-19] INFO  c.h.web.controller.IndexController - index|begin
21833 [qtp971196189-19] DEBUG c.h.w.m.U.selectByExample_COUNT - ==>  Preparing: SELECT count(*) FROM user WHERE (age > ?) 
21834 [qtp971196189-19] DEBUG c.h.w.m.U.selectByExample_COUNT - ==> Parameters: 0(Integer)
21835 [qtp971196189-19] DEBUG c.h.w.m.U.selectByExample_COUNT - <==      Total: 1
21836 [qtp971196189-19] DEBUG c.h.w.m.UserMapper.selectByExample - ==>  Preparing: select id, name, age, remark from user WHERE ( age > ? ) limit ?,? 
21837 [qtp971196189-19] DEBUG c.h.w.m.UserMapper.selectByExample - ==> Parameters: 0(Integer), 1(Integer), 1(Integer)
21838 [qtp971196189-19] DEBUG c.h.w.m.UserMapper.selectByExample - <==      Total: 1
21838 [qtp971196189-19] INFO  c.h.web.controller.IndexController - 111
21838 [qtp971196189-19] INFO  c.h.web.controller.IndexController - 17
21839 [qtp971196189-19] DEBUG c.h.web.mapper.UserMapper.insert - ==>  Preparing: insert into user (id, name, age, remark) values (?, ?, ?, ?) 
21839 [qtp971196189-19] DEBUG c.h.web.mapper.UserMapper.insert - ==> Parameters: 0(Long), aaaabbccc(String), 22(Integer), aaa(String)
21848 [qtp971196189-19] DEBUG c.h.web.mapper.UserMapper.insert - <==    Updates: 1
21849 [qtp971196189-19] DEBUG c.h.web.mapper.UserMapper.insert - ==>  Preparing: insert into user (id, name, age, remark) values (?, ?, ?, ?) 
21850 [qtp971196189-19] DEBUG c.h.web.mapper.UserMapper.insert - ==> Parameters: 0(Long), aaaabbc11aaaaaaaaaaaaaaaaaaaaaaaaaaaaaaaaaaaaaaaaaaaaaaaaaaaaaaaaaaaaaaaaaaaa(String), 22(Integer), aaa(String)
49545 [qtp971196189-16] INFO  c.h.web.controller.IndexController - index|begin
49546 [qtp971196189-16] DEBUG c.h.w.m.U.selectByExample_COUNT - ==>  Preparing: SELECT count(*) FROM user WHERE (age > ?) 
49547 [qtp971196189-16] DEBUG c.h.w.m.U.selectByExample_COUNT - ==> Parameters: 0(Integer)
49548 [qtp971196189-16] DEBUG c.h.w.m.U.selectByExample_COUNT - <==      Total: 1
49549 [qtp971196189-16] DEBUG c.h.w.m.UserMapper.selectByExample - ==>  Preparing: select id, name, age, remark from user WHERE ( age > ? ) limit ?,? 
49550 [qtp971196189-16] DEBUG c.h.w.m.UserMapper.selectByExample - ==> Parameters: 0(Integer), 1(Integer), 1(Integer)
49551 [qtp971196189-16] DEBUG c.h.w.m.UserMapper.selectByExample - <==      Total: 1
49552 [qtp971196189-16] INFO  c.h.web.controller.IndexController - 111
49552 [qtp971196189-16] INFO  c.h.web.controller.IndexController - 4
49552 [qtp971196189-16] DEBUG c.h.web.mapper.UserMapper.insert - ==>  Preparing: insert into user (id, name, age, remark) values (?, ?, ?, ?) 
49553 [qtp971196189-16] DEBUG c.h.web.mapper.UserMapper.insert - ==> Parameters: 0(Long), aaaabbccc(String), 22(Integer), aaa(String)
49560 [qtp971196189-16] DEBUG c.h.web.mapper.UserMapper.insert - <==    Updates: 1
49561 [qtp971196189-16] DEBUG c.h.web.mapper.UserMapper.insert - ==>  Preparing: insert into user (id, name, age, remark) values (?, ?, ?, ?) 
49561 [qtp971196189-16] DEBUG c.h.web.mapper.UserMapper.insert - ==> Parameters: 0(Long), aaaabbc11aaaaaaaaaaaaaaaaaaaaaaaaaaaaaaaaaaaaaaaaaaaaaaaaaaaaaaaaaaaaaaaaaaaa(String), 22(Integer), aaa(String)
23040 [qtp1189990355-15] INFO  c.h.web.controller.IndexController - index|begin
23336 [qtp1189990355-15] DEBUG c.h.w.m.U.selectByExample_COUNT - ==>  Preparing: SELECT count(*) FROM user WHERE (age > ?) 
23358 [qtp1189990355-15] DEBUG c.h.w.m.U.selectByExample_COUNT - ==> Parameters: 0(Integer)
23374 [qtp1189990355-15] DEBUG c.h.w.m.U.selectByExample_COUNT - <==      Total: 1
23379 [qtp1189990355-15] DEBUG c.h.w.m.UserMapper.selectByExample - ==>  Preparing: select id, name, age, remark from user WHERE ( age > ? ) limit ?,? 
23379 [qtp1189990355-15] DEBUG c.h.w.m.UserMapper.selectByExample - ==> Parameters: 0(Integer), 1(Integer), 1(Integer)
23381 [qtp1189990355-15] DEBUG c.h.w.m.UserMapper.selectByExample - <==      Total: 1
23382 [qtp1189990355-15] INFO  c.h.web.controller.IndexController - 111
23382 [qtp1189990355-15] INFO  c.h.web.controller.IndexController - 5
23410 [qtp1189990355-15] DEBUG c.h.web.mapper.UserMapper.insert - ==>  Preparing: insert into user (id, name, age, remark) values (?, ?, ?, ?) 
23412 [qtp1189990355-15] DEBUG c.h.web.mapper.UserMapper.insert - ==> Parameters: 0(Long), aaaabbccc(String), 22(Integer), aaa(String)
23413 [qtp1189990355-15] DEBUG c.h.web.mapper.UserMapper.insert - <==    Updates: 1
23413 [qtp1189990355-15] DEBUG c.h.web.mapper.UserMapper.insert - ==>  Preparing: insert into user (id, name, age, remark) values (?, ?, ?, ?) 
23414 [qtp1189990355-15] DEBUG c.h.web.mapper.UserMapper.insert - ==> Parameters: 0(Long), aaaabbc11aaaaaaaaaaaaaaaaaaaaaaaaaaaaaaaaaaaaaaaaaaaaaaaaaaaaaaaaaaaaaaaaaaaa(String), 22(Integer), aaa(String)
37835 [qtp1189990355-19] INFO  c.h.web.controller.IndexController - index|begin
37837 [qtp1189990355-19] DEBUG c.h.w.m.U.selectByExample_COUNT - ==>  Preparing: SELECT count(*) FROM user WHERE (age > ?) 
37838 [qtp1189990355-19] DEBUG c.h.w.m.U.selectByExample_COUNT - ==> Parameters: 0(Integer)
37839 [qtp1189990355-19] DEBUG c.h.w.m.U.selectByExample_COUNT - <==      Total: 1
37841 [qtp1189990355-19] DEBUG c.h.w.m.UserMapper.selectByExample - ==>  Preparing: select id, name, age, remark from user WHERE ( age > ? ) limit ?,? 
37842 [qtp1189990355-19] DEBUG c.h.w.m.UserMapper.selectByExample - ==> Parameters: 0(Integer), 1(Integer), 1(Integer)
37843 [qtp1189990355-19] DEBUG c.h.w.m.UserMapper.selectByExample - <==      Total: 1
37844 [qtp1189990355-19] INFO  c.h.web.controller.IndexController - 111
37844 [qtp1189990355-19] INFO  c.h.web.controller.IndexController - 6
37845 [qtp1189990355-19] DEBUG c.h.web.mapper.UserMapper.insert - ==>  Preparing: insert into user (id, name, age, remark) values (?, ?, ?, ?) 
37846 [qtp1189990355-19] DEBUG c.h.web.mapper.UserMapper.insert - ==> Parameters: 0(Long), aaaabbccc(String), 22(Integer), aaa(String)
37847 [qtp1189990355-19] DEBUG c.h.web.mapper.UserMapper.insert - <==    Updates: 1
37848 [qtp1189990355-19] DEBUG c.h.web.mapper.UserMapper.insert - ==>  Preparing: insert into user (id, name, age, remark) values (?, ?, ?, ?) 
37849 [qtp1189990355-19] DEBUG c.h.web.mapper.UserMapper.insert - ==> Parameters: 0(Long), aaaabbc11aaaaaaaaaaaaaaaaaaaaaaaaaaaaaaaaaaaaaaaaaaaaaaaaaaaaaaaaaaaaaaaaaaaa(String), 22(Integer), aaa(String)
12074 [qtp447538142-17] INFO  c.h.web.controller.IndexController - index|begin
12334 [qtp447538142-17] DEBUG c.h.w.m.U.selectByExample_COUNT - ==>  Preparing: SELECT count(*) FROM user WHERE (age > ?) 
12357 [qtp447538142-17] DEBUG c.h.w.m.U.selectByExample_COUNT - ==> Parameters: 0(Integer)
12370 [qtp447538142-17] DEBUG c.h.w.m.U.selectByExample_COUNT - <==      Total: 1
12374 [qtp447538142-17] DEBUG c.h.w.m.UserMapper.selectByExample - ==>  Preparing: select id, name, age, remark from user WHERE ( age > ? ) limit ?,? 
12375 [qtp447538142-17] DEBUG c.h.w.m.UserMapper.selectByExample - ==> Parameters: 0(Integer), 1(Integer), 1(Integer)
12376 [qtp447538142-17] DEBUG c.h.w.m.UserMapper.selectByExample - <==      Total: 1
12377 [qtp447538142-17] INFO  c.h.web.controller.IndexController - 111
12378 [qtp447538142-17] INFO  c.h.web.controller.IndexController - 3
12402 [qtp447538142-17] DEBUG c.h.web.mapper.UserMapper.insert - ==>  Preparing: insert into user (id, name, age, remark) values (?, ?, ?, ?) 
12403 [qtp447538142-17] DEBUG c.h.web.mapper.UserMapper.insert - ==> Parameters: 0(Long), aaaabbccc(String), 22(Integer), aaa(String)
12404 [qtp447538142-17] DEBUG c.h.web.mapper.UserMapper.insert - <==    Updates: 1
12405 [qtp447538142-17] DEBUG c.h.web.mapper.UserMapper.insert - ==>  Preparing: insert into user (id, name, age, remark) values (?, ?, ?, ?) 
12405 [qtp447538142-17] DEBUG c.h.web.mapper.UserMapper.insert - ==> Parameters: 0(Long), aaaabbc11aaaaaaaaaaaaaaaaaaaaaaaaaaaaaaaaaaaaaaaaaaaaaaaaaaaaaaaaaaaaaaaaaaaa(String), 22(Integer), aaa(String)
31432 [qtp857278589-18] INFO  c.h.web.controller.IndexController - index|begin
31692 [qtp857278589-18] DEBUG c.h.w.m.U.selectByExample_COUNT - ==>  Preparing: SELECT count(*) FROM user WHERE (age > ?) 
31713 [qtp857278589-18] DEBUG c.h.w.m.U.selectByExample_COUNT - ==> Parameters: 0(Integer)
31726 [qtp857278589-18] DEBUG c.h.w.m.U.selectByExample_COUNT - <==      Total: 1
31730 [qtp857278589-18] DEBUG c.h.w.m.UserMapper.selectByExample - ==>  Preparing: select id, name, age, remark from user WHERE ( age > ? ) limit ?,? 
31731 [qtp857278589-18] DEBUG c.h.w.m.UserMapper.selectByExample - ==> Parameters: 0(Integer), 1(Integer), 1(Integer)
31732 [qtp857278589-18] DEBUG c.h.w.m.UserMapper.selectByExample - <==      Total: 1
31733 [qtp857278589-18] INFO  c.h.web.controller.IndexController - 111
31733 [qtp857278589-18] INFO  c.h.web.controller.IndexController - 3
31757 [qtp857278589-18] DEBUG c.h.web.mapper.UserMapper.insert - ==>  Preparing: insert into user (id, name, age, remark) values (?, ?, ?, ?) 
31758 [qtp857278589-18] DEBUG c.h.web.mapper.UserMapper.insert - ==> Parameters: 0(Long), aaaabbccc(String), 22(Integer), aaa(String)
31759 [qtp857278589-18] DEBUG c.h.web.mapper.UserMapper.insert - <==    Updates: 1
31759 [qtp857278589-18] DEBUG c.h.web.mapper.UserMapper.insert - ==>  Preparing: insert into user (id, name, age, remark) values (?, ?, ?, ?) 
31760 [qtp857278589-18] DEBUG c.h.web.mapper.UserMapper.insert - ==> Parameters: 0(Long), aaaabbc11aaaaaaaaaaaaaaaaaaaaaaaaaaaaaaaaaaaaaaaaaaaaaaaaaaaaaaaaaaaaaaaaaaaa(String), 22(Integer), aaa(String)
42043 [qtp857278589-19] INFO  c.h.web.controller.IndexController - index|begin
42051 [qtp857278589-19] DEBUG c.h.w.m.U.selectByExample_COUNT - ==>  Preparing: SELECT count(*) FROM user WHERE (age > ?) 
42052 [qtp857278589-19] DEBUG c.h.w.m.U.selectByExample_COUNT - ==> Parameters: 0(Integer)
42054 [qtp857278589-19] DEBUG c.h.w.m.U.selectByExample_COUNT - <==      Total: 1
42057 [qtp857278589-19] DEBUG c.h.w.m.UserMapper.selectByExample - ==>  Preparing: select id, name, age, remark from user WHERE ( age > ? ) limit ?,? 
42057 [qtp857278589-19] DEBUG c.h.w.m.UserMapper.selectByExample - ==> Parameters: 0(Integer), 1(Integer), 1(Integer)
42059 [qtp857278589-19] DEBUG c.h.w.m.UserMapper.selectByExample - <==      Total: 1
42060 [qtp857278589-19] INFO  c.h.web.controller.IndexController - 111
42060 [qtp857278589-19] INFO  c.h.web.controller.IndexController - 3
42062 [qtp857278589-19] DEBUG c.h.web.mapper.UserMapper.insert - ==>  Preparing: insert into user (id, name, age, remark) values (?, ?, ?, ?) 
42063 [qtp857278589-19] DEBUG c.h.web.mapper.UserMapper.insert - ==> Parameters: 0(Long), aaaabbccc(String), 22(Integer), aaa(String)
42065 [qtp857278589-19] DEBUG c.h.web.mapper.UserMapper.insert - <==    Updates: 1
42065 [qtp857278589-19] DEBUG c.h.web.mapper.UserMapper.insert - ==>  Preparing: insert into user (id, name, age, remark) values (?, ?, ?, ?) 
42067 [qtp857278589-19] DEBUG c.h.web.mapper.UserMapper.insert - ==> Parameters: 0(Long), aaaabbc11aaaaaaaaaaaaaaaaaaaaaaaaaaaaaaaaaaaaaaaaaaaaaaaaaaaaaaaaaaaaaaaaaaaa(String), 22(Integer), aaa(String)
32576 [qtp315251629-19] INFO  c.h.web.controller.IndexController - index|begin
6059 [qtp913846414-15] INFO  c.h.web.controller.IndexController - index|begin
6211 [qtp315251629-16] INFO  c.h.web.controller.IndexController - index|begin
4817 [qtp727720046-20] INFO  c.h.web.controller.IndexController - index|begin
199537 [qtp727720046-17] INFO  c.h.web.controller.IndexController - index|begin
200509 [qtp727720046-16] INFO  c.h.web.controller.IndexController - index|begin
201067 [qtp727720046-19] INFO  c.h.web.controller.IndexController - index|begin
201595 [qtp727720046-16] INFO  c.h.web.controller.IndexController - index|begin
202069 [qtp727720046-19] INFO  c.h.web.controller.IndexController - index|begin
202620 [qtp727720046-16] INFO  c.h.web.controller.IndexController - index|begin
203208 [qtp727720046-20] INFO  c.h.web.controller.IndexController - index|begin
325941 [qtp727720046-17] INFO  c.h.web.controller.IndexController - index|begin
